2026-03-22 03:20:13 | INFO | screener_bot | Скринер запущен. Получение символов Phemex...
2026-03-22 03:20:13 | INFO | screener_bot | 🤖 <b>Скринер активен (WSS)</b>
Биржа: Phemex Futures
Символов: 521
Паттерн: Ручеек (depth=8)
2026-03-22 03:20:14 | INFO | screener_bot | Подключение к WSS Phemex и подписка на стаканы...
2026-03-22 03:20:15 | INFO | screener_bot | [SIGNAL] PIPPINUSDT SHORT rate=20.55
2026-03-22 03:20:17 | INFO | screener_bot | [SIGNAL] PHAUSDT LONG rate=14.06
2026-03-22 03:20:19 | INFO | screener_bot | [SIGNAL] SAHARAUSDT LONG rate=8.62
2026-03-22 03:20:23 | INFO | screener_bot | Скринер запущен. Получение символов Phemex...
2026-03-22 03:20:24 | INFO | screener_bot | 🤖 <b>Скринер активен (WSS)</b>
Биржа: Phemex Futures
Символов: 521
Паттерн: Ручеек (depth=8)
2026-03-22 03:20:24 | INFO | screener_bot | Подключение к WSS Phemex и подписка на стаканы...
2026-03-22 03:20:26 | INFO | screener_bot | [SIGNAL] PIPPINUSDT SHORT rate=27.99
2026-03-22 03:20:28 | INFO | screener_bot | [SIGNAL] BATUSDT LONG rate=6.05
2026-03-22 03:20:28 | INFO | screener_bot | [SIGNAL] BATUSDT LONG rate=6.05
2026-03-22 03:20:37 | INFO | screener_bot | [SIGNAL] PHAUSDT LONG rate=8.6
2026-03-22 03:20:37 | INFO | screener_bot | [SIGNAL] PHAUSDT LONG rate=8.6
2026-03-22 03:20:46 | INFO | screener_bot | [SIGNAL] SAHARAUSDT LONG rate=10.06
2026-03-22 03:20:48 | INFO | screener_bot | [SIGNAL] MAGMAUSDT SHORT rate=37.37
2026-03-22 03:20:53 | INFO | screener_bot | [SIGNAL] NAORISUSDT SHORT rate=6.23
2026-03-22 03:20:54 | INFO | screener_bot | [SIGNAL] DEGOUSDT LONG rate=14.55
2026-03-22 03:22:03 | INFO | screener_bot | [SIGNAL] NIGHTUSDT LONG rate=14.05
2026-03-22 03:22:03 | INFO | screener_bot | [SIGNAL] NIGHTUSDT LONG rate=13.05
2026-03-22 03:24:44 | INFO | screener_bot | Скринер запущен. Получение символов Phemex...
2026-03-22 03:24:45 | INFO | screener_bot | 🤖 <b>Скринер активен (WSS)</b>
Биржа: Phemex Futures
Символов: 521
Паттерн: Ручеек (depth=8)
2026-03-22 03:24:45 | INFO | screener_bot | Подключение к WSS Phemex и подписка на стаканы...
2026-03-22 03:24:50 | INFO | screener_bot | [SIGNAL] TAOUSDT LONG rate=29.74
2026-03-22 03:24:52 | INFO | screener_bot | [SIGNAL] NAORISUSDT SHORT rate=11.31
2026-03-22 03:25:07 | INFO | screener_bot | [SIGNAL] SAHARAUSDT SHORT rate=7.11
2026-03-22 03:26:19 | INFO | screener_bot | [SIGNAL] MAGMAUSDT LONG rate=18.45
2026-03-22 03:26:22 | INFO | screener_bot | [SIGNAL] PHAUSDT SHORT rate=9.96
2026-03-22 03:26:46 | INFO | screener_bot | [SIGNAL] CTKUSDT SHORT rate=6.96
2026-03-22 03:27:53 | INFO | screener_bot | [SIGNAL] DEGOUSDT LONG rate=13.75
2026-03-22 03:27:58 | INFO | screener_bot | [SIGNAL] BANKUSDT LONG rate=16.07
2026-03-22 03:41:42 | INFO | screener_bot | Скринер запущен. Получение символов Phemex...
2026-03-22 03:41:43 | INFO | screener_bot | 🤖 <b>Скринер активен (WSS)</b>
Биржа: Phemex Futures
Символов: 521
Паттерн: Ручеек (depth=8)
2026-03-22 03:41:43 | INFO | screener_bot | Подключение к WSS Phemex и подписка на стаканы...
2026-03-22 03:43:21 | INFO | screener_bot | Скринер запущен. Получение символов Phemex...
2026-03-22 03:43:22 | INFO | screener_bot | 🤖 <b>Скринер активен (WSS)</b>
Биржа: Phemex Futures
Символов: 521
Паттерн: Ручеек (depth=8)
2026-03-22 03:43:23 | INFO | screener_bot | Подключение к WSS Phemex и подписка на стаканы...
2026-03-22 03:45:25 | INFO | screener_bot | Скринер запущен. Получение символов Phemex...
2026-03-22 03:45:26 | INFO | screener_bot | 🤖 <b>Скринер активен (WSS)</b>
Биржа: Phemex Futures
Символов: 521
Паттерн: Ручеек (depth=8)
2026-03-22 03:45:27 | INFO | screener_bot | Подключение к WSS Phemex и подписка на стаканы...
2026-03-22 03:46:01 | INFO | screener_bot | [SIGNAL] NAORISUSDT LONG rate=25.88
2026-03-22 03:48:15 | INFO | screener_bot | Скринер запущен. Получение символов Phemex...
2026-03-22 03:48:15 | INFO | screener_bot | 🤖 <b>Скринер активен (WSS)</b>
Биржа: Phemex Futures
Символов: 521
Паттерн: Ручеек (depth=8)
2026-03-22 03:48:15 | INFO | screener_bot | Подключение к WSS Phemex и подписка на стаканы...
2026-03-22 03:48:29 | INFO | screener_bot | [SIGNAL] NIGHTUSDT LONG rate=11.71
2026-03-22 03:52:29 | INFO | screener_bot | [SIGNAL] NAORISUSDT LONG rate=9.28
2026-03-22 03:55:52 | INFO | screener_bot | Скринер запущен. Получение символов Phemex...
2026-03-22 03:55:52 | INFO | screener_bot | 🤖 <b>Скринер активен (WSS)</b>
Биржа: Phemex Futures
Символов: 521
Паттерн: Ручеек (depth=8)
2026-03-22 03:55:54 | INFO | screener_bot | Подключение к WSS Phemex и подписка на стаканы...
2026-03-22 03:56:18 | INFO | screener_bot | [SIGNAL] NAORISUSDT SHORT rate=9.96
2026-03-22 03:58:54 | INFO | screener_bot | [SIGNAL] RIVERUSDT SHORT rate=18.68
2026-03-22 03:59:21 | INFO | screener_bot | Скринер запущен. Получение символов Phemex...
2026-03-22 03:59:22 | INFO | screener_bot | 🤖 <b>Скринер активен (WSS)</b>
Биржа: Phemex Futures
Символов: 521
Паттерн: Ручеек (depth=8)
2026-03-22 03:59:22 | INFO | screener_bot | Подключение к WSS Phemex и подписка на стаканы...
2026-03-22 04:01:54 | INFO | screener_bot | [SIGNAL] NAORISUSDT SHORT rate=20.74
2026-03-27 14:18:41 | INFO | screener_bot | Скринер запущен. Получение символов Phemex...
2026-03-27 14:18:41 | INFO | screener_bot | 🤖 <b>Скринер активен (WSS)</b>
Биржа: Phemex Futures
Символов: 519
Паттерн: Ручеек (depth=8)
2026-03-27 14:18:42 | INFO | screener_bot | Подключение к WSS Phemex и подписка на стаканы...
2026-03-27 14:18:43 | INFO | screener_bot | [SIGNAL] ICXUSDT LONG rate=2.02
2026-03-27 14:18:43 | INFO | screener_bot | [SIGNAL] SEIUSDT LONG rate=2.01
2026-03-27 14:18:43 | INFO | screener_bot | [SIGNAL] IOTXUSDT LONG rate=2.02
2026-03-27 14:18:43 | INFO | screener_bot | [SIGNAL] TUSDT LONG rate=2.01
2026-03-27 14:18:43 | INFO | screener_bot | [SIGNAL] PYTHUSDT LONG rate=2.02
2026-03-27 14:18:44 | INFO | screener_bot | [SIGNAL] CRVUSDT LONG rate=2.04
2026-03-27 14:18:44 | INFO | screener_bot | [SIGNAL] C98USDT LONG rate=2.03
2026-03-27 14:18:44 | INFO | screener_bot | [SIGNAL] SNXUSDT LONG rate=2.03
2026-03-27 14:18:44 | INFO | screener_bot | [SIGNAL] KAIAUSDT LONG rate=2.02
2026-03-27 14:18:44 | INFO | screener_bot | [SIGNAL] BOMEUSDT LONG rate=2.02
2026-03-27 14:18:44 | INFO | screener_bot | [SIGNAL] POPCATUSDT LONG rate=2.02
2026-03-27 14:18:44 | INFO | screener_bot | [SIGNAL] PORTALUSDT LONG rate=3.02
2026-03-27 14:18:45 | INFO | screener_bot | [SIGNAL] BARDUSDT LONG rate=4.87
2026-03-27 14:18:46 | INFO | screener_bot | [SIGNAL] ARPAUSDT SHORT rate=2.13
2026-03-27 14:18:49 | INFO | screener_bot | [SIGNAL] ANKRUSDT LONG rate=2.02
2026-03-27 14:18:49 | INFO | screener_bot | [SIGNAL] ONTUSDT LONG rate=2.02
2026-03-27 14:18:49 | INFO | screener_bot | [SIGNAL] LYNUSDT SHORT rate=4.92
2026-03-27 14:18:51 | INFO | screener_bot | [SIGNAL] GRIFFAINUSDT LONG rate=3.01
2026-03-27 14:18:53 | INFO | screener_bot | [SIGNAL] EVAAUSDT LONG rate=2.02
2026-03-27 14:18:54 | INFO | screener_bot | [SIGNAL] AVAAIUSDT SHORT rate=3.3
2026-03-27 14:18:57 | INFO | screener_bot | [SIGNAL] USTCUSDT LONG rate=2.02
2026-03-27 14:19:01 | INFO | screener_bot | [SIGNAL] PEOPLEUSDT LONG rate=2.01
2026-03-27 14:19:02 | INFO | screener_bot | [SIGNAL] 0GUSDT LONG rate=13.41
2026-03-27 14:19:05 | INFO | screener_bot | [SIGNAL] ZILUSDT LONG rate=2.02
2026-03-27 14:19:07 | INFO | screener_bot | [SIGNAL] BASUSDT LONG rate=2.16
2026-03-27 14:19:09 | INFO | screener_bot | [SIGNAL] BIGTIMEUSDT LONG rate=4.02
2026-03-27 14:19:12 | INFO | screener_bot | [SIGNAL] DRIFTUSDT SHORT rate=2.98
