2026-04-07 02:48:19 | DEBUG | stakan_pattern | [KAIAUSDT LONG] Анализ: spr3_pct=0.4264, roc_sma=0.2114, rate=2.02
2026-04-07 02:48:19 | DEBUG | stakan_pattern | [KAIAUSDT SHORT] Анализ: spr3_pct=0.6410, roc_sma=0.2160, rate=2.97
2026-04-07 02:48:19 | DEBUG | stakan_pattern | [KAIAUSDT LONG] Анализ: spr3_pct=0.4264, roc_sma=0.2114, rate=2.02
2026-04-07 02:48:19 | DEBUG | stakan_pattern | [KAIAUSDT SHORT] Анализ: spr3_pct=0.6410, roc_sma=0.2160, rate=2.97
2026-04-07 02:48:19 | DEBUG | stakan_pattern | [CRVUSDT LONG] Анализ: spr3_pct=0.9662, roc_sma=0.4740, rate=2.04
2026-04-07 02:48:19 | DEBUG | stakan_pattern | [OGNUSDT LONG] Анализ: spr3_pct=0.9662, roc_sma=0.4740, rate=2.04
2026-04-07 02:48:19 | DEBUG | stakan_pattern | [OGNUSDT SHORT] Анализ: spr3_pct=0.9709, roc_sma=0.4951, rate=1.96
2026-04-07 02:48:19 | DEBUG | stakan_pattern | [RVNUSDT LONG] Анализ: spr3_pct=0.3515, roc_sma=0.2093, rate=1.68
2026-04-07 02:48:19 | DEBUG | stakan_pattern | [RVNUSDT SHORT] Анализ: spr3_pct=0.3521, roc_sma=0.1773, rate=1.99
2026-04-07 02:48:19 | DEBUG | stakan_pattern | [ZILUSDT LONG] Анализ: spr3_pct=0.5236, roc_sma=0.2591, rate=2.02
2026-04-07 02:48:19 | DEBUG | stakan_pattern | [ZILUSDT SHORT] Анализ: spr3_pct=0.5249, roc_sma=0.2653, rate=1.98
2026-04-07 02:48:19 | DEBUG | stakan_pattern | [SNXUSDT LONG] Анализ: spr3_pct=0.6849, roc_sma=0.3378, rate=2.03
2026-04-07 02:48:19 | DEBUG | stakan_pattern | [SNXUSDT SHORT] Анализ: spr3_pct=0.6873, roc_sma=0.3484, rate=1.97
2026-04-07 02:48:19 | DEBUG | stakan_pattern | [BATUSDT SHORT] Анализ: spr3_pct=0.2997, roc_sma=0.1205, rate=2.49
2026-04-07 02:48:19 | DEBUG | stakan_pattern | [IOTXUSDT LONG] Анализ: spr3_pct=0.4464, roc_sma=0.2212, rate=2.02
2026-04-07 02:48:19 | DEBUG | stakan_pattern | [RONUSDT LONG] Анализ: spr3_pct=0.3550, roc_sma=0.1176, rate=3.02
2026-04-07 02:48:19 | DEBUG | stakan_pattern | [PIXELUSDT LONG] Анализ: spr3_pct=0.3215, roc_sma=0.1597, rate=2.01
2026-04-07 02:48:19 | DEBUG | stakan_pattern | [EDGEXUSDT SHORT] Анализ: spr3_pct=0.2835, roc_sma=0.0591, rate=4.80
2026-04-07 02:48:19 | DEBUG | stakan_pattern | [EDGEXUSDT SHORT] Анализ: spr3_pct=0.2835, roc_sma=0.0547, rate=5.18
2026-04-07 02:48:19 | DEBUG | stakan_pattern | [PEOPLEUSDT LONG] Анализ: spr3_pct=0.3130, roc_sma=0.1555, rate=2.01
2026-04-07 02:48:19 | DEBUG | stakan_pattern | [PEOPLEUSDT SHORT] Анализ: spr3_pct=0.3135, roc_sma=0.1577, rate=1.99
2026-04-07 02:48:19 | DEBUG | stakan_pattern | [KERNELUSDT LONG] Анализ: spr3_pct=0.3055, roc_sma=0.1013, rate=3.02
2026-04-07 02:48:19 | DEBUG | stakan_pattern | [SKLUSDT LONG] Анализ: spr3_pct=0.4854, roc_sma=0.1605, rate=3.02
2026-04-07 02:48:19 | DEBUG | stakan_pattern | [SKLUSDT SHORT] Анализ: spr3_pct=0.3241, roc_sma=0.1631, rate=1.99
2026-04-07 02:48:19 | DEBUG | stakan_pattern | [ICXUSDT LONG] Анализ: spr3_pct=0.5587, roc_sma=0.2762, rate=2.02
2026-04-07 02:48:19 | DEBUG | stakan_pattern | [ICXUSDT SHORT] Анализ: spr3_pct=0.5602, roc_sma=0.2833, rate=1.98
2026-04-07 02:48:19 | DEBUG | stakan_pattern | [EDUUSDT SHORT] Анализ: spr3_pct=0.6637, roc_sma=0.2237, rate=2.97
2026-04-07 02:48:19 | DEBUG | stakan_pattern | [KERNELUSDT LONG] Анализ: spr3_pct=0.3055, roc_sma=0.1013, rate=3.02
2026-04-07 02:48:19 | DEBUG | stakan_pattern | [MEWUSDT LONG] Анализ: spr3_pct=0.3565, roc_sma=0.1770, rate=2.01
2026-04-07 02:48:21 | DEBUG | stakan_pattern | [MEWUSDT LONG] Анализ: spr3_pct=0.3565, roc_sma=0.1770, rate=2.01
2026-04-07 02:48:21 | DEBUG | stakan_pattern | [HOLOUSDT LONG] Анализ: spr3_pct=0.3643, roc_sma=0.1808, rate=2.01
2026-04-07 02:48:21 | DEBUG | stakan_pattern | [HOLOUSDT LONG] Анализ: spr3_pct=0.3643, roc_sma=0.1808, rate=2.01
2026-04-07 02:48:21 | DEBUG | stakan_pattern | [HOLOUSDT LONG] Анализ: spr3_pct=0.3643, roc_sma=0.1808, rate=2.01
2026-04-07 02:48:21 | DEBUG | stakan_pattern | [MEWUSDT LONG] Анализ: spr3_pct=0.3565, roc_sma=0.1770, rate=2.01
2026-04-07 02:48:21 | DEBUG | stakan_pattern | [PIXELUSDT LONG] Анализ: spr3_pct=0.3215, roc_sma=0.1597, rate=2.01
2026-04-07 02:48:21 | DEBUG | stakan_pattern | [PIXELUSDT SHORT] Анализ: spr3_pct=0.3221, roc_sma=0.1621, rate=1.99
2026-04-07 02:48:21 | DEBUG | stakan_pattern | [ICXUSDT LONG] Анализ: spr3_pct=0.5587, roc_sma=0.2762, rate=2.02
2026-04-07 02:48:21 | DEBUG | stakan_pattern | [ICXUSDT SHORT] Анализ: spr3_pct=0.5602, roc_sma=0.2833, rate=1.98
2026-04-07 02:48:21 | DEBUG | stakan_pattern | [AAVEUSDT SHORT] Анализ: spr3_pct=0.5058, roc_sma=0.0520, rate=9.74
2026-04-07 02:48:21 | DEBUG | stakan_pattern | [HOLOUSDT LONG] Анализ: spr3_pct=0.5464, roc_sma=0.2165, rate=2.52
2026-04-07 02:48:21 | DEBUG | stakan_pattern | [PIXELUSDT LONG] Анализ: spr3_pct=0.3215, roc_sma=0.1597, rate=2.01
2026-04-07 02:48:22 | DEBUG | stakan_pattern | [CRVUSDT LONG] Анализ: spr3_pct=0.9662, roc_sma=0.4740, rate=2.04
2026-04-07 02:48:22 | DEBUG | stakan_pattern | [CRVUSDT LONG] Анализ: spr3_pct=0.9662, roc_sma=0.4740, rate=2.04
2026-04-07 02:48:22 | DEBUG | stakan_pattern | [CRVUSDT LONG] Анализ: spr3_pct=0.9662, roc_sma=0.4740, rate=2.04
2026-04-07 02:48:22 | DEBUG | stakan_pattern | [EDGEXUSDT SHORT] Анализ: spr3_pct=0.2835, roc_sma=0.0547, rate=5.18
2026-04-07 02:48:23 | DEBUG | stakan_pattern | [EDGEXUSDT SHORT] Анализ: spr3_pct=0.2835, roc_sma=0.0547, rate=5.18
2026-04-07 02:48:23 | DEBUG | stakan_pattern | [EDGEXUSDT SHORT] Анализ: spr3_pct=0.2835, roc_sma=0.0547, rate=5.18
2026-04-07 02:48:23 | DEBUG | stakan_pattern | [EDGEXUSDT SHORT] Анализ: spr3_pct=0.2835, roc_sma=0.0547, rate=5.18
2026-04-07 02:48:24 | DEBUG | stakan_pattern | [AAVEUSDT SHORT] Анализ: spr3_pct=0.5272, roc_sma=0.0368, rate=14.33
2026-04-07 02:48:24 | DEBUG | stakan_pattern | [EDGEXUSDT SHORT] Анализ: spr3_pct=0.2835, roc_sma=0.0525, rate=5.40
2026-04-07 02:48:24 | DEBUG | stakan_pattern | [EDGEXUSDT LONG] Анализ: spr3_pct=0.2179, roc_sma=0.0217, rate=10.03
2026-04-07 02:48:24 | DEBUG | stakan_pattern | [EDGEXUSDT SHORT] Анализ: spr3_pct=0.2835, roc_sma=0.0525, rate=5.40
2026-04-07 02:48:24 | DEBUG | stakan_pattern | [ANKRUSDT LONG] Анализ: spr3_pct=0.3724, roc_sma=0.1848, rate=2.01
2026-04-07 02:48:24 | DEBUG | stakan_pattern | [ANKRUSDT LONG] Анализ: spr3_pct=0.3724, roc_sma=0.1848, rate=2.01
2026-04-07 02:48:25 | DEBUG | stakan_pattern | [BATUSDT SHORT] Анализ: spr3_pct=0.2997, roc_sma=0.1205, rate=2.49
2026-04-07 02:48:25 | DEBUG | stakan_pattern | [PIXELUSDT LONG] Анализ: spr3_pct=0.3215, roc_sma=0.1597, rate=2.01
2026-04-07 02:48:25 | DEBUG | stakan_pattern | [PIXELUSDT SHORT] Анализ: spr3_pct=0.3221, roc_sma=0.1621, rate=1.99
2026-04-07 02:48:25 | DEBUG | stakan_pattern | [EDGEXUSDT LONG] Анализ: spr3_pct=0.2179, roc_sma=0.0130, rate=16.71
2026-04-07 02:48:25 | DEBUG | stakan_pattern | [REDUSDT LONG] Анализ: spr3_pct=0.6037, roc_sma=0.0763, rate=7.92
2026-04-07 02:48:25 | DEBUG | stakan_pattern | [REDUSDT LONG] Анализ: spr3_pct=0.4384, roc_sma=0.0763, rate=5.75
2026-04-07 02:48:25 | DEBUG | stakan_pattern | [REDUSDT LONG] Анализ: spr3_pct=0.6037, roc_sma=0.0763, rate=7.92
2026-04-07 02:48:25 | DEBUG | stakan_pattern | [AAVEUSDT SHORT] Анализ: spr3_pct=0.5272, roc_sma=0.0368, rate=14.33
2026-04-07 02:48:25 | DEBUG | stakan_pattern | [PEOPLEUSDT LONG] Анализ: spr3_pct=0.3130, roc_sma=0.1555, rate=2.01
2026-04-07 02:48:25 | DEBUG | stakan_pattern | [PEOPLEUSDT SHORT] Анализ: spr3_pct=0.3135, roc_sma=0.1577, rate=1.99
2026-04-07 02:48:25 | DEBUG | stakan_pattern | [AAVEUSDT SHORT] Анализ: spr3_pct=0.5165, roc_sma=0.0368, rate=14.04
2026-04-07 02:48:25 | DEBUG | stakan_pattern | [AAVEUSDT SHORT] Анализ: spr3_pct=0.5058, roc_sma=0.0368, rate=13.74
2026-04-07 02:48:25 | DEBUG | stakan_pattern | [AAVEUSDT SHORT] Анализ: spr3_pct=0.5058, roc_sma=0.0368, rate=13.74
2026-04-07 02:48:25 | DEBUG | stakan_pattern | [AAVEUSDT SHORT] Анализ: spr3_pct=0.4950, roc_sma=0.0368, rate=13.45
2026-04-07 02:48:25 | DEBUG | stakan_pattern | [AAVEUSDT SHORT] Анализ: spr3_pct=0.4843, roc_sma=0.0368, rate=13.16
2026-04-07 02:48:25 | DEBUG | stakan_pattern | [AAVEUSDT SHORT] Анализ: spr3_pct=0.4736, roc_sma=0.0368, rate=12.87
2026-04-07 02:48:26 | DEBUG | stakan_pattern | [REDUSDT LONG] Анализ: spr3_pct=0.4934, roc_sma=0.0763, rate=6.47
2026-04-07 02:48:26 | DEBUG | stakan_pattern | [REDUSDT LONG] Анализ: spr3_pct=0.3834, roc_sma=0.0763, rate=5.03
2026-04-07 02:48:26 | DEBUG | stakan_pattern | [PIXELUSDT LONG] Анализ: spr3_pct=0.3215, roc_sma=0.1597, rate=2.01
2026-04-07 02:48:26 | DEBUG | stakan_pattern | [PIXELUSDT LONG] Анализ: spr3_pct=0.3215, roc_sma=0.1597, rate=2.01
2026-04-07 02:48:26 | DEBUG | stakan_pattern | [EDGEXUSDT LONG] Анализ: spr3_pct=0.2179, roc_sma=0.0130, rate=16.71
2026-04-07 02:48:26 | DEBUG | stakan_pattern | [EDGEXUSDT LONG] Анализ: spr3_pct=0.2179, roc_sma=0.0130, rate=16.71
2026-04-07 02:48:27 | DEBUG | stakan_pattern | [AAVEUSDT SHORT] Анализ: spr3_pct=0.5379, roc_sma=0.0520, rate=10.35
2026-04-07 02:48:27 | DEBUG | stakan_pattern | [EDGEXUSDT LONG] Анализ: spr3_pct=0.2397, roc_sma=0.0196, rate=12.26
2026-04-07 02:48:28 | DEBUG | stakan_pattern | [ICXUSDT LONG] Анализ: spr3_pct=0.5587, roc_sma=0.2762, rate=2.02
2026-04-07 02:48:28 | DEBUG | stakan_pattern | [ICXUSDT SHORT] Анализ: spr3_pct=0.5602, roc_sma=0.2833, rate=1.98
2026-04-07 02:48:28 | DEBUG | stakan_pattern | [EDGEXUSDT LONG] Анализ: spr3_pct=0.2397, roc_sma=0.0196, rate=12.26
2026-04-07 02:48:28 | DEBUG | stakan_pattern | [XTZUSDT LONG] Анализ: spr3_pct=0.5865, roc_sma=0.2899, rate=2.02
2026-04-07 02:48:28 | DEBUG | stakan_pattern | [XTZUSDT LONG] Анализ: spr3_pct=0.5865, roc_sma=0.2899, rate=2.02
2026-04-07 02:48:28 | DEBUG | stakan_pattern | [XTZUSDT LONG] Анализ: spr3_pct=0.5865, roc_sma=0.2899, rate=2.02
2026-04-07 02:48:28 | DEBUG | stakan_pattern | [SNXUSDT LONG] Анализ: spr3_pct=0.6849, roc_sma=0.3378, rate=2.03
2026-04-07 02:48:28 | DEBUG | stakan_pattern | [SNXUSDT SHORT] Анализ: spr3_pct=0.6873, roc_sma=0.3484, rate=1.97
2026-04-07 02:48:28 | DEBUG | stakan_pattern | [SKLUSDT LONG] Анализ: spr3_pct=0.6472, roc_sma=0.1603, rate=4.04
2026-04-07 02:48:28 | DEBUG | stakan_pattern | [SKLUSDT SHORT] Анализ: spr3_pct=0.3241, roc_sma=0.1631, rate=1.99
2026-04-07 02:48:28 | DEBUG | stakan_pattern | [SNXUSDT SHORT] Анализ: spr3_pct=0.6897, roc_sma=0.3497, rate=1.97
2026-04-07 02:48:28 | DEBUG | stakan_pattern | [SNXUSDT SHORT] Анализ: spr3_pct=0.6897, roc_sma=0.3497, rate=1.97
2026-04-07 02:48:28 | DEBUG | stakan_pattern | [EDUUSDT SHORT] Анализ: spr3_pct=0.6637, roc_sma=0.2237, rate=2.97
2026-04-07 02:48:28 | DEBUG | stakan_pattern | [PEOPLEUSDT LONG] Анализ: spr3_pct=0.3130, roc_sma=0.1555, rate=2.01
2026-04-07 02:48:28 | DEBUG | stakan_pattern | [PEOPLEUSDT SHORT] Анализ: spr3_pct=0.3135, roc_sma=0.1577, rate=1.99
2026-04-07 02:48:28 | DEBUG | stakan_pattern | [AAVEUSDT SHORT] Анализ: spr3_pct=0.5379, roc_sma=0.0346, rate=15.53
2026-04-07 02:48:29 | DEBUG | stakan_pattern | [SKLUSDT LONG] Анализ: spr3_pct=0.4854, roc_sma=0.1605, rate=3.02
2026-04-07 02:48:29 | DEBUG | stakan_pattern | [SKLUSDT SHORT] Анализ: spr3_pct=0.3241, roc_sma=0.1631, rate=1.99
2026-04-07 02:48:29 | DEBUG | stakan_pattern | [SKLUSDT LONG] Анализ: spr3_pct=0.4854, roc_sma=0.1605, rate=3.02
2026-04-07 02:48:29 | DEBUG | stakan_pattern | [SKLUSDT SHORT] Анализ: spr3_pct=0.3241, roc_sma=0.1631, rate=1.99
2026-04-07 02:48:29 | DEBUG | stakan_pattern | [LUNA2USDT SHORT] Анализ: spr3_pct=0.5535, roc_sma=0.1862, rate=2.97
2026-04-07 02:48:29 | DEBUG | stakan_pattern | [AAVEUSDT SHORT] Анализ: spr3_pct=0.5272, roc_sma=0.0346, rate=15.22
2026-04-07 02:48:29 | DEBUG | stakan_pattern | [MEMEUSDT LONG] Анализ: spr3_pct=0.3984, roc_sma=0.2370, rate=1.68
2026-04-07 02:48:29 | DEBUG | stakan_pattern | [GALAUSDT SHORT] Анализ: spr3_pct=0.7018, roc_sma=0.3559, rate=1.97
2026-04-07 02:48:29 | DEBUG | stakan_pattern | [EDGEXUSDT LONG] Анализ: spr3_pct=0.2397, roc_sma=0.0196, rate=12.26
2026-04-07 02:48:29 | DEBUG | stakan_pattern | [SNXUSDT SHORT] Анализ: spr3_pct=0.6897, roc_sma=0.3497, rate=1.97
2026-04-07 02:48:30 | DEBUG | stakan_pattern | [ICXUSDT LONG] Анализ: spr3_pct=0.5587, roc_sma=0.2762, rate=2.02
2026-04-07 02:48:30 | DEBUG | stakan_pattern | [ICXUSDT SHORT] Анализ: spr3_pct=0.5602, roc_sma=0.2833, rate=1.98
2026-04-07 02:48:30 | DEBUG | stakan_pattern | [PEOPLEUSDT LONG] Анализ: spr3_pct=0.3130, roc_sma=0.1555, rate=2.01
2026-04-07 02:48:30 | DEBUG | stakan_pattern | [PEOPLEUSDT SHORT] Анализ: spr3_pct=0.3135, roc_sma=0.1577, rate=1.99
2026-04-07 02:48:30 | DEBUG | stakan_pattern | [KAIAUSDT LONG] Анализ: spr3_pct=0.4264, roc_sma=0.2114, rate=2.02
2026-04-07 02:48:30 | DEBUG | stakan_pattern | [KAIAUSDT SHORT] Анализ: spr3_pct=0.6410, roc_sma=0.2160, rate=2.97
2026-04-07 02:48:31 | DEBUG | stakan_pattern | [PEOPLEUSDT LONG] Анализ: spr3_pct=0.3130, roc_sma=0.1555, rate=2.01
2026-04-07 02:48:31 | DEBUG | stakan_pattern | [PEOPLEUSDT SHORT] Анализ: spr3_pct=0.3135, roc_sma=0.1577, rate=1.99
2026-04-07 02:48:31 | DEBUG | stakan_pattern | [XTZUSDT LONG] Анализ: spr3_pct=0.5865, roc_sma=0.2899, rate=2.02
2026-04-07 02:48:31 | DEBUG | stakan_pattern | [CRVUSDT LONG] Анализ: spr3_pct=0.9662, roc_sma=0.4740, rate=2.04
2026-04-07 02:48:31 | DEBUG | stakan_pattern | [LUNA2USDT SHORT] Анализ: spr3_pct=0.5535, roc_sma=0.1862, rate=2.97
2026-04-07 02:48:31 | DEBUG | stakan_pattern | [IOTXUSDT LONG] Анализ: spr3_pct=0.4464, roc_sma=0.2212, rate=2.02
2026-04-07 02:48:31 | DEBUG | stakan_pattern | [SKLUSDT LONG] Анализ: spr3_pct=0.4854, roc_sma=0.1605, rate=3.02
2026-04-07 02:48:31 | DEBUG | stakan_pattern | [SKLUSDT SHORT] Анализ: spr3_pct=0.3241, roc_sma=0.1631, rate=1.99
2026-04-07 02:48:31 | DEBUG | stakan_pattern | [CRVUSDT LONG] Анализ: spr3_pct=0.9662, roc_sma=0.4740, rate=2.04
2026-04-07 02:48:31 | DEBUG | stakan_pattern | [CRVUSDT LONG] Анализ: spr3_pct=0.9662, roc_sma=0.4740, rate=2.04
2026-04-07 02:48:31 | DEBUG | stakan_pattern | [CRVUSDT LONG] Анализ: spr3_pct=0.9662, roc_sma=0.4740, rate=2.04
2026-04-07 02:48:31 | DEBUG | stakan_pattern | [CRVUSDT LONG] Анализ: spr3_pct=0.9662, roc_sma=0.4740, rate=2.04
2026-04-07 02:48:31 | DEBUG | stakan_pattern | [CRVUSDT LONG] Анализ: spr3_pct=0.9662, roc_sma=0.4740, rate=2.04
2026-04-07 02:48:31 | DEBUG | stakan_pattern | [CRVUSDT LONG] Анализ: spr3_pct=0.9662, roc_sma=0.4740, rate=2.04
2026-04-07 02:48:31 | DEBUG | stakan_pattern | [ZILUSDT LONG] Анализ: spr3_pct=0.5236, roc_sma=0.2591, rate=2.02
2026-04-07 02:48:31 | DEBUG | stakan_pattern | [ZILUSDT SHORT] Анализ: spr3_pct=0.5249, roc_sma=0.2653, rate=1.98
2026-04-07 02:48:31 | DEBUG | stakan_pattern | [SNXUSDT SHORT] Анализ: spr3_pct=0.6897, roc_sma=0.3497, rate=1.97
2026-04-07 02:48:31 | DEBUG | stakan_pattern | [PEOPLEUSDT LONG] Анализ: spr3_pct=0.3130, roc_sma=0.1555, rate=2.01
2026-04-07 02:48:31 | DEBUG | stakan_pattern | [PEOPLEUSDT SHORT] Анализ: spr3_pct=0.3135, roc_sma=0.1577, rate=1.99
2026-04-07 02:48:31 | DEBUG | stakan_pattern | [RONUSDT LONG] Анализ: spr3_pct=0.3550, roc_sma=0.1176, rate=3.02
2026-04-07 02:48:32 | DEBUG | stakan_pattern | [EDGEXUSDT LONG] Анализ: spr3_pct=0.2397, roc_sma=0.0196, rate=12.26
2026-04-07 02:48:32 | DEBUG | stakan_pattern | [ZILUSDT LONG] Анализ: spr3_pct=0.5236, roc_sma=0.2591, rate=2.02
2026-04-07 02:48:32 | DEBUG | stakan_pattern | [ZILUSDT SHORT] Анализ: spr3_pct=0.5249, roc_sma=0.2653, rate=1.98
2026-04-07 02:48:32 | DEBUG | stakan_pattern | [AAVEUSDT SHORT] Анализ: spr3_pct=0.5272, roc_sma=0.0346, rate=15.22
2026-04-07 02:48:33 | DEBUG | stakan_pattern | [EDGEXUSDT LONG] Анализ: spr3_pct=0.2179, roc_sma=0.0217, rate=10.03
2026-04-07 02:48:33 | DEBUG | stakan_pattern | [GALAUSDT SHORT] Анализ: spr3_pct=0.7018, roc_sma=0.3559, rate=1.97
2026-04-07 02:48:33 | DEBUG | stakan_pattern | [CYBERUSDT LONG] Анализ: spr3_pct=0.3968, roc_sma=0.2361, rate=1.68
2026-04-07 02:48:33 | DEBUG | stakan_pattern | [MEMEUSDT LONG] Анализ: spr3_pct=0.3984, roc_sma=0.2370, rate=1.68
2026-04-07 02:48:33 | DEBUG | stakan_pattern | [XTZUSDT LONG] Анализ: spr3_pct=0.5865, roc_sma=0.2899, rate=2.02
2026-04-07 02:48:33 | DEBUG | stakan_pattern | [EDGEXUSDT LONG] Анализ: spr3_pct=0.2179, roc_sma=0.0217, rate=10.03
2026-04-07 02:48:33 | DEBUG | stakan_pattern | [AXSUSDT SHORT] Анализ: spr3_pct=0.2722, roc_sma=0.0912, rate=2.99
2026-04-07 02:48:34 | DEBUG | stakan_pattern | [SNXUSDT SHORT] Анализ: spr3_pct=0.6897, roc_sma=0.3497, rate=1.97
2026-04-07 02:48:35 | DEBUG | stakan_pattern | [AXSUSDT SHORT] Анализ: spr3_pct=0.2722, roc_sma=0.0912, rate=2.99
2026-04-07 02:48:35 | DEBUG | stakan_pattern | [IOTXUSDT LONG] Анализ: spr3_pct=0.4464, roc_sma=0.2212, rate=2.02
2026-04-07 02:48:35 | DEBUG | stakan_pattern | [RONUSDT LONG] Анализ: spr3_pct=0.3550, roc_sma=0.1176, rate=3.02
2026-04-07 02:48:35 | DEBUG | stakan_pattern | [EDGEXUSDT LONG] Анализ: spr3_pct=0.2179, roc_sma=0.0217, rate=10.03
2026-04-07 02:48:35 | DEBUG | stakan_pattern | [AXSUSDT SHORT] Анализ: spr3_pct=0.2722, roc_sma=0.0912, rate=2.99
2026-04-07 02:48:37 | DEBUG | stakan_pattern | [EDGEXUSDT LONG] Анализ: spr3_pct=0.2179, roc_sma=0.0217, rate=10.03
2026-04-07 02:48:38 | DEBUG | stakan_pattern | [AAVEUSDT SHORT] Анализ: spr3_pct=0.5486, roc_sma=0.0325, rate=16.90
2026-04-07 02:48:38 | DEBUG | stakan_pattern | [AAVEUSDT SHORT] Анализ: spr3_pct=0.5486, roc_sma=0.0325, rate=16.90
2026-04-07 02:48:38 | DEBUG | stakan_pattern | [AAVEUSDT SHORT] Анализ: spr3_pct=0.5379, roc_sma=0.0325, rate=16.57
2026-04-07 02:48:39 | DEBUG | stakan_pattern | [AXSUSDT SHORT] Анализ: spr3_pct=0.2722, roc_sma=0.0912, rate=2.99
2026-04-07 02:48:39 | DEBUG | stakan_pattern | [KAIAUSDT LONG] Анализ: spr3_pct=0.4264, roc_sma=0.2114, rate=2.02
2026-04-07 02:48:39 | DEBUG | stakan_pattern | [KAIAUSDT SHORT] Анализ: spr3_pct=0.6410, roc_sma=0.2160, rate=2.97
2026-04-07 02:48:39 | DEBUG | stakan_pattern | [SNXUSDT SHORT] Анализ: spr3_pct=0.6897, roc_sma=0.3497, rate=1.97
2026-04-07 02:48:39 | DEBUG | stakan_pattern | [EDGEXUSDT LONG] Анализ: spr3_pct=0.2614, roc_sma=0.0195, rate=13.37
2026-04-07 02:48:39 | DEBUG | stakan_pattern | [CLOUSDT LONG] Анализ: spr3_pct=0.5020, roc_sma=0.0997, rate=5.04
2026-04-07 02:48:40 | DEBUG | stakan_pattern | [MEWUSDT LONG] Анализ: spr3_pct=0.3565, roc_sma=0.1770, rate=2.01
2026-04-07 02:48:40 | DEBUG | stakan_pattern | [EDGEXUSDT LONG] Анализ: spr3_pct=0.2614, roc_sma=0.0195, rate=13.37
2026-04-07 02:48:40 | DEBUG | stakan_pattern | [MEWUSDT LONG] Анализ: spr3_pct=0.3565, roc_sma=0.1770, rate=2.01
2026-04-07 02:48:40 | DEBUG | stakan_pattern | [MEWUSDT LONG] Анализ: spr3_pct=0.3565, roc_sma=0.1770, rate=2.01
2026-04-07 02:48:41 | DEBUG | stakan_pattern | [MEWUSDT LONG] Анализ: spr3_pct=0.3565, roc_sma=0.1770, rate=2.01
2026-04-07 02:48:41 | DEBUG | stakan_pattern | [EDGEXUSDT LONG] Анализ: spr3_pct=0.2614, roc_sma=0.0195, rate=13.37
2026-04-07 02:48:42 | DEBUG | stakan_pattern | [ICXUSDT LONG] Анализ: spr3_pct=0.5587, roc_sma=0.2762, rate=2.02
2026-04-07 02:48:42 | DEBUG | stakan_pattern | [ICXUSDT SHORT] Анализ: spr3_pct=0.5602, roc_sma=0.2833, rate=1.98
2026-04-07 02:48:42 | DEBUG | stakan_pattern | [CFXUSDT LONG] Анализ: spr3_pct=0.6061, roc_sma=0.2000, rate=3.03
2026-04-07 02:48:42 | DEBUG | stakan_pattern | [KAIAUSDT LONG] Анализ: spr3_pct=0.4264, roc_sma=0.2114, rate=2.02
2026-04-07 02:48:42 | DEBUG | stakan_pattern | [KAIAUSDT SHORT] Анализ: spr3_pct=0.6410, roc_sma=0.2160, rate=2.97
2026-04-07 02:48:42 | DEBUG | stakan_pattern | [EDUUSDT SHORT] Анализ: spr3_pct=0.6637, roc_sma=0.2237, rate=2.97
2026-04-07 02:48:43 | DEBUG | stakan_pattern | [CFXUSDT LONG] Анализ: spr3_pct=0.6061, roc_sma=0.2000, rate=3.03
2026-04-07 02:48:43 | DEBUG | stakan_pattern | [AAVEUSDT SHORT] Анализ: spr3_pct=0.3012, roc_sma=0.0367, rate=8.21
2026-04-07 02:48:43 | DEBUG | stakan_pattern | [EDGEXUSDT LONG] Анализ: spr3_pct=0.2614, roc_sma=0.0195, rate=13.37
2026-04-07 02:48:43 | DEBUG | stakan_pattern | [PEOPLEUSDT LONG] Анализ: spr3_pct=0.3130, roc_sma=0.1555, rate=2.01
2026-04-07 02:48:43 | DEBUG | stakan_pattern | [PEOPLEUSDT SHORT] Анализ: spr3_pct=0.3135, roc_sma=0.1577, rate=1.99
2026-04-07 02:48:44 | DEBUG | stakan_pattern | [SNXUSDT SHORT] Анализ: spr3_pct=0.6897, roc_sma=0.3497, rate=1.97
2026-04-07 02:48:44 | DEBUG | stakan_pattern | [SNXUSDT SHORT] Анализ: spr3_pct=0.6897, roc_sma=0.3497, rate=1.97
2026-04-07 02:48:44 | DEBUG | stakan_pattern | [MEMEUSDT LONG] Анализ: spr3_pct=0.3984, roc_sma=0.2370, rate=1.68
2026-04-07 02:48:45 | DEBUG | stakan_pattern | [SKLUSDT LONG] Анализ: spr3_pct=0.4854, roc_sma=0.1605, rate=3.02
2026-04-07 02:48:45 | DEBUG | stakan_pattern | [SKLUSDT SHORT] Анализ: spr3_pct=0.3241, roc_sma=0.1631, rate=1.99
2026-04-07 02:48:46 | DEBUG | stakan_pattern | [KAIAUSDT LONG] Анализ: spr3_pct=0.4264, roc_sma=0.2114, rate=2.02
2026-04-07 02:48:46 | DEBUG | stakan_pattern | [KAIAUSDT SHORT] Анализ: spr3_pct=0.6410, roc_sma=0.2160, rate=2.97
2026-04-07 02:48:47 | DEBUG | stakan_pattern | [ARKMUSDT LONG] Анализ: spr3_pct=0.3151, roc_sma=0.1462, rate=2.16
2026-04-07 02:48:47 | DEBUG | stakan_pattern | [CLOUSDT LONG] Анализ: spr3_pct=0.5020, roc_sma=0.0997, rate=5.04
2026-04-07 02:48:47 | DEBUG | stakan_pattern | [SUPERUSDT LONG] Анализ: spr3_pct=0.2562, roc_sma=0.1020, rate=2.51
2026-04-07 02:48:47 | DEBUG | stakan_pattern | [SUPERUSDT LONG] Анализ: spr3_pct=0.2562, roc_sma=0.1020, rate=2.51
2026-04-07 02:48:48 | DEBUG | stakan_pattern | [CRVUSDT LONG] Анализ: spr3_pct=0.9662, roc_sma=0.4740, rate=2.04
2026-04-07 02:48:48 | DEBUG | stakan_pattern | [AAVEUSDT SHORT] Анализ: spr3_pct=0.4196, roc_sma=0.0346, rate=12.13
2026-04-07 02:48:48 | DEBUG | stakan_pattern | [HOLOUSDT LONG] Анализ: spr3_pct=0.5464, roc_sma=0.2165, rate=2.52
2026-04-07 02:48:48 | DEBUG | stakan_pattern | [PEOPLEUSDT LONG] Анализ: spr3_pct=0.3130, roc_sma=0.1555, rate=2.01
2026-04-07 02:48:48 | DEBUG | stakan_pattern | [PEOPLEUSDT SHORT] Анализ: spr3_pct=0.3135, roc_sma=0.1577, rate=1.99
2026-04-07 02:48:48 | DEBUG | stakan_pattern | [KAIAUSDT LONG] Анализ: spr3_pct=0.4264, roc_sma=0.2114, rate=2.02
2026-04-07 02:48:48 | DEBUG | stakan_pattern | [KAIAUSDT SHORT] Анализ: spr3_pct=0.6410, roc_sma=0.2160, rate=2.97
2026-04-07 02:48:48 | DEBUG | stakan_pattern | [SKLUSDT LONG] Анализ: spr3_pct=0.4854, roc_sma=0.1605, rate=3.02
2026-04-07 02:48:48 | DEBUG | stakan_pattern | [SKLUSDT SHORT] Анализ: spr3_pct=0.3241, roc_sma=0.1631, rate=1.99
2026-04-07 02:48:48 | DEBUG | stakan_pattern | [SKLUSDT LONG] Анализ: spr3_pct=0.3236, roc_sma=0.1608, rate=2.01
2026-04-07 02:48:48 | DEBUG | stakan_pattern | [SKLUSDT SHORT] Анализ: spr3_pct=0.3241, roc_sma=0.1631, rate=1.99
2026-04-07 02:48:48 | DEBUG | stakan_pattern | [LUNA2USDT SHORT] Анализ: spr3_pct=0.5535, roc_sma=0.1862, rate=2.97
2026-04-07 02:48:48 | DEBUG | stakan_pattern | [LUNA2USDT SHORT] Анализ: spr3_pct=0.5535, roc_sma=0.1862, rate=2.97
2026-04-07 02:48:48 | DEBUG | stakan_pattern | [CRVUSDT LONG] Анализ: spr3_pct=0.9662, roc_sma=0.4740, rate=2.04
2026-04-07 02:48:49 | DEBUG | stakan_pattern | [ICXUSDT LONG] Анализ: spr3_pct=0.5587, roc_sma=0.2762, rate=2.02
2026-04-07 02:48:49 | DEBUG | stakan_pattern | [ICXUSDT SHORT] Анализ: spr3_pct=0.5602, roc_sma=0.2833, rate=1.98
2026-04-07 02:48:49 | DEBUG | stakan_pattern | [ICXUSDT LONG] Анализ: spr3_pct=0.5587, roc_sma=0.2762, rate=2.02
2026-04-07 02:48:49 | DEBUG | stakan_pattern | [ICXUSDT SHORT] Анализ: spr3_pct=0.5602, roc_sma=0.2833, rate=1.98
2026-04-07 02:48:49 | DEBUG | stakan_pattern | [KAIAUSDT LONG] Анализ: spr3_pct=0.4264, roc_sma=0.2114, rate=2.02
2026-04-07 02:48:49 | DEBUG | stakan_pattern | [KAIAUSDT SHORT] Анализ: spr3_pct=0.6410, roc_sma=0.2160, rate=2.97
2026-04-07 02:48:49 | DEBUG | stakan_pattern | [PEOPLEUSDT LONG] Анализ: spr3_pct=0.3130, roc_sma=0.1555, rate=2.01
2026-04-07 02:48:49 | DEBUG | stakan_pattern | [PEOPLEUSDT SHORT] Анализ: spr3_pct=0.3135, roc_sma=0.1577, rate=1.99
2026-04-07 02:48:49 | DEBUG | stakan_pattern | [PEOPLEUSDT LONG] Анализ: spr3_pct=0.4695, roc_sma=0.1553, rate=3.02
2026-04-07 02:48:49 | DEBUG | stakan_pattern | [PEOPLEUSDT SHORT] Анализ: spr3_pct=0.3135, roc_sma=0.1577, rate=1.99
2026-04-07 02:48:49 | DEBUG | stakan_pattern | [SNXUSDT SHORT] Анализ: spr3_pct=0.6897, roc_sma=0.3497, rate=1.97
2026-04-07 02:48:49 | DEBUG | stakan_pattern | [PEOPLEUSDT LONG] Анализ: spr3_pct=0.3130, roc_sma=0.1555, rate=2.01
2026-04-07 02:48:49 | DEBUG | stakan_pattern | [PEOPLEUSDT SHORT] Анализ: spr3_pct=0.3135, roc_sma=0.1577, rate=1.99
2026-04-07 02:48:49 | DEBUG | stakan_pattern | [SNXUSDT SHORT] Анализ: spr3_pct=0.6897, roc_sma=0.3497, rate=1.97
2026-04-07 02:48:49 | DEBUG | stakan_pattern | [SNXUSDT SHORT] Анализ: spr3_pct=0.6897, roc_sma=0.3497, rate=1.97
2026-04-07 02:48:49 | DEBUG | stakan_pattern | [AXSUSDT SHORT] Анализ: spr3_pct=0.2722, roc_sma=0.0912, rate=2.99
2026-04-07 02:48:50 | DEBUG | stakan_pattern | [AXSUSDT SHORT] Анализ: spr3_pct=0.2722, roc_sma=0.1094, rate=2.49
2026-04-07 02:48:50 | DEBUG | stakan_pattern | [SUPERUSDT LONG] Анализ: spr3_pct=0.2562, roc_sma=0.1020, rate=2.51
2026-04-07 02:48:50 | DEBUG | stakan_pattern | [AXSUSDT SHORT] Анализ: spr3_pct=0.2722, roc_sma=0.0912, rate=2.99
2026-04-07 02:48:50 | DEBUG | stakan_pattern | [SUPERUSDT LONG] Анализ: spr3_pct=0.2562, roc_sma=0.1020, rate=2.51
2026-04-07 02:48:50 | DEBUG | stakan_pattern | [SUPERUSDT LONG] Анализ: spr3_pct=0.2562, roc_sma=0.1020, rate=2.51
2026-04-07 02:48:50 | DEBUG | stakan_pattern | [PEOPLEUSDT LONG] Анализ: spr3_pct=0.3130, roc_sma=0.1555, rate=2.01
2026-04-07 02:48:50 | DEBUG | stakan_pattern | [PEOPLEUSDT SHORT] Анализ: spr3_pct=0.3135, roc_sma=0.1577, rate=1.99
2026-04-07 02:48:50 | DEBUG | stakan_pattern | [CRVUSDT LONG] Анализ: spr3_pct=0.9662, roc_sma=0.4740, rate=2.04
2026-04-07 02:48:50 | DEBUG | stakan_pattern | [GALAUSDT LONG] Анализ: spr3_pct=0.6993, roc_sma=0.3448, rate=2.03
2026-04-07 02:48:50 | DEBUG | stakan_pattern | [GALAUSDT SHORT] Анализ: spr3_pct=0.7018, roc_sma=0.3559, rate=1.97
2026-04-07 02:48:50 | DEBUG | stakan_pattern | [MEUSDT SHORT] Анализ: spr3_pct=0.3000, roc_sma=0.1005, rate=2.98
2026-04-07 02:48:50 | DEBUG | stakan_pattern | [SUPERUSDT LONG] Анализ: spr3_pct=0.2562, roc_sma=0.1020, rate=2.51
2026-04-07 02:48:50 | DEBUG | stakan_pattern | [MEUSDT SHORT] Анализ: spr3_pct=0.3000, roc_sma=0.1005, rate=2.98
2026-04-07 02:48:50 | DEBUG | stakan_pattern | [ICXUSDT LONG] Анализ: spr3_pct=0.5587, roc_sma=0.2762, rate=2.02
2026-04-07 02:48:50 | DEBUG | stakan_pattern | [ICXUSDT SHORT] Анализ: spr3_pct=0.5602, roc_sma=0.2833, rate=1.98
2026-04-07 02:48:51 | DEBUG | stakan_pattern | [GALAUSDT LONG] Анализ: spr3_pct=1.0490, roc_sma=0.3437, rate=3.05
2026-04-07 02:48:51 | DEBUG | stakan_pattern | [LUNA2USDT SHORT] Анализ: spr3_pct=0.5535, roc_sma=0.1862, rate=2.97
2026-04-07 02:48:51 | DEBUG | stakan_pattern | [LUNA2USDT SHORT] Анализ: spr3_pct=0.5535, roc_sma=0.1862, rate=2.97
2026-04-07 02:48:51 | DEBUG | stakan_pattern | [LUNA2USDT SHORT] Анализ: spr3_pct=0.5535, roc_sma=0.1862, rate=2.97
2026-04-07 02:48:51 | DEBUG | stakan_pattern | [LUNA2USDT SHORT] Анализ: spr3_pct=0.7380, roc_sma=0.1866, rate=3.96
2026-04-07 02:48:51 | DEBUG | stakan_pattern | [LUNA2USDT SHORT] Анализ: spr3_pct=0.5535, roc_sma=0.1862, rate=2.97
2026-04-07 02:48:51 | DEBUG | stakan_pattern | [SUPERUSDT LONG] Анализ: spr3_pct=0.2562, roc_sma=0.0850, rate=3.01
2026-04-07 02:48:51 | DEBUG | stakan_pattern | [SUPERUSDT LONG] Анализ: spr3_pct=0.2562, roc_sma=0.0850, rate=3.01
2026-04-07 02:48:51 | DEBUG | stakan_pattern | [SUPERUSDT LONG] Анализ: spr3_pct=0.2562, roc_sma=0.0850, rate=3.01
2026-04-07 02:48:51 | DEBUG | stakan_pattern | [ARBUSDT SHORT] Анализ: spr3_pct=0.3205, roc_sma=0.1074, rate=2.98
2026-04-07 02:48:51 | DEBUG | stakan_pattern | [ARBUSDT SHORT] Анализ: spr3_pct=0.3205, roc_sma=0.1074, rate=2.98
2026-04-07 02:48:51 | DEBUG | stakan_pattern | [ARBUSDT SHORT] Анализ: spr3_pct=0.3205, roc_sma=0.1074, rate=2.98
2026-04-07 02:48:51 | DEBUG | stakan_pattern | [XTZUSDT LONG] Анализ: spr3_pct=0.5865, roc_sma=0.2899, rate=2.02
2026-04-07 02:48:51 | DEBUG | stakan_pattern | [XTZUSDT LONG] Анализ: spr3_pct=0.5865, roc_sma=0.2899, rate=2.02
2026-04-07 02:48:51 | DEBUG | stakan_pattern | [GALAUSDT LONG] Анализ: spr3_pct=1.0490, roc_sma=0.3437, rate=3.05
2026-04-07 02:48:51 | DEBUG | stakan_pattern | [GALAUSDT SHORT] Анализ: spr3_pct=0.7018, roc_sma=0.3559, rate=1.97
2026-04-07 02:48:52 | DEBUG | stakan_pattern | [XTZUSDT LONG] Анализ: spr3_pct=0.5865, roc_sma=0.2899, rate=2.02
2026-04-07 02:48:52 | DEBUG | stakan_pattern | [CRVUSDT LONG] Анализ: spr3_pct=0.9662, roc_sma=0.4740, rate=2.04
2026-04-07 02:48:52 | DEBUG | stakan_pattern | [CRVUSDT LONG] Анализ: spr3_pct=0.9662, roc_sma=0.4740, rate=2.04
2026-04-07 02:48:52 | DEBUG | stakan_pattern | [PEOPLEUSDT LONG] Анализ: spr3_pct=0.4695, roc_sma=0.1553, rate=3.02
2026-04-07 02:48:52 | DEBUG | stakan_pattern | [PEOPLEUSDT SHORT] Анализ: spr3_pct=0.3135, roc_sma=0.1577, rate=1.99
2026-04-07 02:48:52 | DEBUG | stakan_pattern | [SUPERUSDT LONG] Анализ: spr3_pct=0.2562, roc_sma=0.0850, rate=3.01
2026-04-07 02:48:52 | DEBUG | stakan_pattern | [ARKMUSDT LONG] Анализ: spr3_pct=0.4206, roc_sma=0.1462, rate=2.88
2026-04-07 02:48:52 | DEBUG | stakan_pattern | [ARKMUSDT LONG] Анализ: spr3_pct=0.3155, roc_sma=0.1046, rate=3.02
2026-04-07 02:48:52 | DEBUG | stakan_pattern | [GALAUSDT SHORT] Анализ: spr3_pct=0.7018, roc_sma=0.3559, rate=1.97
2026-04-07 02:48:53 | DEBUG | stakan_pattern | [ARBUSDT SHORT] Анализ: spr3_pct=0.3205, roc_sma=0.1074, rate=2.98
2026-04-07 02:48:53 | DEBUG | stakan_pattern | [PEOPLEUSDT LONG] Анализ: spr3_pct=0.3130, roc_sma=0.1555, rate=2.01
2026-04-07 02:48:53 | DEBUG | stakan_pattern | [PEOPLEUSDT SHORT] Анализ: spr3_pct=0.3135, roc_sma=0.1577, rate=1.99
2026-04-07 02:48:53 | DEBUG | stakan_pattern | [ARKMUSDT LONG] Анализ: spr3_pct=0.3155, roc_sma=0.1046, rate=3.02
2026-04-07 02:48:53 | DEBUG | stakan_pattern | [LUNA2USDT SHORT] Анализ: spr3_pct=0.5535, roc_sma=0.1862, rate=2.97
2026-04-07 02:48:53 | DEBUG | stakan_pattern | [GALAUSDT LONG] Анализ: spr3_pct=1.0490, roc_sma=0.3437, rate=3.05
2026-04-07 02:48:53 | DEBUG | stakan_pattern | [GALAUSDT SHORT] Анализ: spr3_pct=0.7018, roc_sma=0.3559, rate=1.97
2026-04-07 02:48:53 | DEBUG | stakan_pattern | [KNCUSDT SHORT] Анализ: spr3_pct=0.3110, roc_sma=0.0781, rate=3.98
2026-04-07 02:48:53 | DEBUG | stakan_pattern | [KNCUSDT SHORT] Анализ: spr3_pct=0.3110, roc_sma=0.0781, rate=3.98
2026-04-07 02:48:53 | DEBUG | stakan_pattern | [GALAUSDT LONG] Анализ: spr3_pct=1.0490, roc_sma=0.3437, rate=3.05
2026-04-07 02:48:53 | DEBUG | stakan_pattern | [GALAUSDT SHORT] Анализ: spr3_pct=0.7018, roc_sma=0.3559, rate=1.97
2026-04-07 02:48:53 | DEBUG | stakan_pattern | [KAIAUSDT LONG] Анализ: spr3_pct=0.4264, roc_sma=0.2114, rate=2.02
2026-04-07 02:48:53 | DEBUG | stakan_pattern | [KAIAUSDT SHORT] Анализ: spr3_pct=0.6410, roc_sma=0.2160, rate=2.97
2026-04-07 02:48:53 | DEBUG | stakan_pattern | [KNCUSDT SHORT] Анализ: spr3_pct=0.3110, roc_sma=0.0781, rate=3.98
2026-04-07 02:48:53 | DEBUG | stakan_pattern | [POPCATUSDT LONG] Анализ: spr3_pct=0.4219, roc_sma=0.2092, rate=2.02
2026-04-07 02:48:54 | DEBUG | stakan_pattern | [PEOPLEUSDT LONG] Анализ: spr3_pct=0.3130, roc_sma=0.1555, rate=2.01
2026-04-07 02:48:54 | DEBUG | stakan_pattern | [PEOPLEUSDT SHORT] Анализ: spr3_pct=0.3135, roc_sma=0.1577, rate=1.99
2026-04-07 02:48:54 | DEBUG | stakan_pattern | [ARKMUSDT LONG] Анализ: spr3_pct=0.3155, roc_sma=0.1046, rate=3.02
2026-04-07 02:48:54 | DEBUG | stakan_pattern | [ICXUSDT LONG] Анализ: spr3_pct=0.5587, roc_sma=0.2762, rate=2.02
2026-04-07 02:48:54 | DEBUG | stakan_pattern | [ICXUSDT SHORT] Анализ: spr3_pct=0.5602, roc_sma=0.2833, rate=1.98
2026-04-07 02:48:54 | DEBUG | stakan_pattern | [ARKMUSDT LONG] Анализ: spr3_pct=0.3155, roc_sma=0.1046, rate=3.02
2026-04-07 02:48:54 | DEBUG | stakan_pattern | [ARKMUSDT LONG] Анализ: spr3_pct=0.3155, roc_sma=0.1046, rate=3.02
2026-04-07 02:48:55 | DEBUG | stakan_pattern | [GALAUSDT LONG] Анализ: spr3_pct=1.0490, roc_sma=0.3437, rate=3.05
2026-04-07 02:48:55 | DEBUG | stakan_pattern | [GALAUSDT SHORT] Анализ: spr3_pct=0.7018, roc_sma=0.3559, rate=1.97
2026-04-07 02:48:55 | DEBUG | stakan_pattern | [PEOPLEUSDT LONG] Анализ: spr3_pct=0.4695, roc_sma=0.1553, rate=3.02
2026-04-07 02:48:55 | DEBUG | stakan_pattern | [PEOPLEUSDT SHORT] Анализ: spr3_pct=0.3135, roc_sma=0.1577, rate=1.99
2026-04-07 02:48:55 | DEBUG | stakan_pattern | [IPUSDT SHORT] Анализ: spr3_pct=0.3824, roc_sma=0.1927, rate=1.98
2026-04-07 02:48:55 | DEBUG | stakan_pattern | [GALAUSDT LONG] Анализ: spr3_pct=1.0490, roc_sma=0.3437, rate=3.05
2026-04-07 02:48:55 | DEBUG | stakan_pattern | [GALAUSDT SHORT] Анализ: spr3_pct=0.7018, roc_sma=0.3559, rate=1.97
2026-04-07 02:48:55 | DEBUG | stakan_pattern | [GALAUSDT LONG] Анализ: spr3_pct=1.0490, roc_sma=0.3437, rate=3.05
2026-04-07 02:48:55 | DEBUG | stakan_pattern | [GALAUSDT SHORT] Анализ: spr3_pct=0.7018, roc_sma=0.3559, rate=1.97
2026-04-07 02:48:56 | DEBUG | stakan_pattern | [GALAUSDT LONG] Анализ: spr3_pct=1.0490, roc_sma=0.3437, rate=3.05
2026-04-07 02:48:56 | DEBUG | stakan_pattern | [GALAUSDT SHORT] Анализ: spr3_pct=0.7018, roc_sma=0.3559, rate=1.97
2026-04-07 02:48:56 | DEBUG | stakan_pattern | [ICXUSDT LONG] Анализ: spr3_pct=0.5587, roc_sma=0.2762, rate=2.02
2026-04-07 02:48:56 | DEBUG | stakan_pattern | [ICXUSDT SHORT] Анализ: spr3_pct=0.5602, roc_sma=0.2833, rate=1.98
2026-04-07 02:48:56 | DEBUG | stakan_pattern | [GALAUSDT LONG] Анализ: spr3_pct=1.0490, roc_sma=0.3437, rate=3.05
2026-04-07 02:48:56 | DEBUG | stakan_pattern | [GALAUSDT SHORT] Анализ: spr3_pct=0.7018, roc_sma=0.3559, rate=1.97
2026-04-07 02:48:56 | DEBUG | stakan_pattern | [GALAUSDT LONG] Анализ: spr3_pct=1.0490, roc_sma=0.3437, rate=3.05
2026-04-07 02:48:56 | DEBUG | stakan_pattern | [GALAUSDT SHORT] Анализ: spr3_pct=0.7018, roc_sma=0.3559, rate=1.97
2026-04-07 02:48:56 | DEBUG | stakan_pattern | [GALAUSDT LONG] Анализ: spr3_pct=1.0490, roc_sma=0.3437, rate=3.05
2026-04-07 02:48:56 | DEBUG | stakan_pattern | [GALAUSDT SHORT] Анализ: spr3_pct=0.7018, roc_sma=0.3559, rate=1.97
2026-04-07 02:48:56 | DEBUG | stakan_pattern | [AAVEUSDT SHORT] Анализ: spr3_pct=0.4197, roc_sma=0.0238, rate=17.65
2026-04-07 02:48:56 | DEBUG | stakan_pattern | [POPCATUSDT LONG] Анализ: spr3_pct=0.4219, roc_sma=0.2092, rate=2.02
2026-04-07 02:48:57 | DEBUG | stakan_pattern | [CRVUSDT LONG] Анализ: spr3_pct=0.9662, roc_sma=0.4740, rate=2.04
2026-04-07 02:48:57 | DEBUG | stakan_pattern | [CRVUSDT LONG] Анализ: spr3_pct=0.9662, roc_sma=0.4740, rate=2.04
2026-04-07 02:48:57 | DEBUG | stakan_pattern | [CRVUSDT LONG] Анализ: spr3_pct=0.9662, roc_sma=0.4740, rate=2.04
2026-04-07 02:48:57 | DEBUG | stakan_pattern | [KAIAUSDT LONG] Анализ: spr3_pct=0.4264, roc_sma=0.2114, rate=2.02
2026-04-07 02:48:57 | DEBUG | stakan_pattern | [KAIAUSDT SHORT] Анализ: spr3_pct=0.6410, roc_sma=0.2160, rate=2.97
2026-04-07 02:48:57 | DEBUG | stakan_pattern | [ARKMUSDT LONG] Анализ: spr3_pct=0.3155, roc_sma=0.1046, rate=3.02
2026-04-07 02:48:57 | DEBUG | stakan_pattern | [SNXUSDT SHORT] Анализ: spr3_pct=0.6897, roc_sma=0.3497, rate=1.97
2026-04-07 02:48:57 | DEBUG | stakan_pattern | [POPCATUSDT LONG] Анализ: spr3_pct=0.4219, roc_sma=0.2092, rate=2.02
2026-04-07 02:48:57 | DEBUG | stakan_pattern | [GALAUSDT LONG] Анализ: spr3_pct=1.0490, roc_sma=0.3437, rate=3.05
2026-04-07 02:48:57 | DEBUG | stakan_pattern | [GALAUSDT SHORT] Анализ: spr3_pct=0.7018, roc_sma=0.3559, rate=1.97
2026-04-07 02:48:57 | DEBUG | stakan_pattern | [POPCATUSDT LONG] Анализ: spr3_pct=0.4219, roc_sma=0.2092, rate=2.02
2026-04-07 02:48:57 | DEBUG | stakan_pattern | [XTZUSDT LONG] Анализ: spr3_pct=0.5865, roc_sma=0.2899, rate=2.02
2026-04-07 02:48:58 | DEBUG | stakan_pattern | [OGNUSDT LONG] Анализ: spr3_pct=0.9662, roc_sma=0.4740, rate=2.04
2026-04-07 02:48:58 | DEBUG | stakan_pattern | [OGNUSDT SHORT] Анализ: spr3_pct=0.9709, roc_sma=0.4951, rate=1.96
2026-04-07 02:48:58 | DEBUG | stakan_pattern | [PEOPLEUSDT LONG] Анализ: spr3_pct=0.4695, roc_sma=0.1553, rate=3.02
2026-04-07 02:48:58 | DEBUG | stakan_pattern | [PEOPLEUSDT SHORT] Анализ: spr3_pct=0.3135, roc_sma=0.1577, rate=1.99
2026-04-07 02:48:58 | DEBUG | stakan_pattern | [PEOPLEUSDT LONG] Анализ: spr3_pct=0.4695, roc_sma=0.1553, rate=3.02
2026-04-07 02:48:58 | DEBUG | stakan_pattern | [PEOPLEUSDT SHORT] Анализ: spr3_pct=0.3135, roc_sma=0.1577, rate=1.99
2026-04-07 02:48:58 | DEBUG | stakan_pattern | [AAVEUSDT SHORT] Анализ: spr3_pct=0.4090, roc_sma=0.0238, rate=17.20
2026-04-07 02:48:59 | DEBUG | stakan_pattern | [POPCATUSDT LONG] Анализ: spr3_pct=0.4219, roc_sma=0.2092, rate=2.02
2026-04-07 02:48:59 | DEBUG | stakan_pattern | [POPCATUSDT LONG] Анализ: spr3_pct=0.4219, roc_sma=0.2092, rate=2.02
2026-04-07 02:48:59 | DEBUG | stakan_pattern | [PEOPLEUSDT LONG] Анализ: spr3_pct=0.4695, roc_sma=0.1553, rate=3.02
2026-04-07 02:48:59 | DEBUG | stakan_pattern | [PEOPLEUSDT SHORT] Анализ: spr3_pct=0.3135, roc_sma=0.1577, rate=1.99
2026-04-07 02:48:59 | DEBUG | stakan_pattern | [EDGEXUSDT SHORT] Анализ: spr3_pct=0.2835, roc_sma=0.0350, rate=8.10
2026-04-07 02:48:59 | DEBUG | stakan_pattern | [EDGEXUSDT SHORT] Анализ: spr3_pct=0.2835, roc_sma=0.0438, rate=6.48
2026-04-07 02:48:59 | DEBUG | stakan_pattern | [EDGEXUSDT SHORT] Анализ: spr3_pct=0.2290, roc_sma=0.0328, rate=6.98
2026-04-07 02:49:00 | DEBUG | stakan_pattern | [POPCATUSDT LONG] Анализ: spr3_pct=0.4219, roc_sma=0.2092, rate=2.02
2026-04-07 02:49:00 | DEBUG | stakan_pattern | [PEOPLEUSDT LONG] Анализ: spr3_pct=0.4695, roc_sma=0.1553, rate=3.02
2026-04-07 02:49:00 | DEBUG | stakan_pattern | [PEOPLEUSDT SHORT] Анализ: spr3_pct=0.3135, roc_sma=0.1577, rate=1.99
2026-04-07 02:49:00 | DEBUG | stakan_pattern | [ARKMUSDT LONG] Анализ: spr3_pct=0.3155, roc_sma=0.1046, rate=3.02
2026-04-07 02:49:00 | DEBUG | stakan_pattern | [ARKMUSDT LONG] Анализ: spr3_pct=0.3155, roc_sma=0.1046, rate=3.02
2026-04-07 02:49:00 | DEBUG | stakan_pattern | [POPCATUSDT LONG] Анализ: spr3_pct=0.4219, roc_sma=0.2092, rate=2.02
2026-04-07 02:49:00 | DEBUG | stakan_pattern | [POPCATUSDT LONG] Анализ: spr3_pct=0.4219, roc_sma=0.2092, rate=2.02
2026-04-07 02:49:00 | DEBUG | stakan_pattern | [POPCATUSDT LONG] Анализ: spr3_pct=0.4219, roc_sma=0.2092, rate=2.02
2026-04-07 02:49:00 | DEBUG | stakan_pattern | [POPCATUSDT LONG] Анализ: spr3_pct=0.4219, roc_sma=0.2092, rate=2.02
2026-04-07 02:49:00 | DEBUG | stakan_pattern | [POPCATUSDT LONG] Анализ: spr3_pct=0.4219, roc_sma=0.2092, rate=2.02
2026-04-07 02:49:01 | DEBUG | stakan_pattern | [LUNA2USDT SHORT] Анализ: spr3_pct=0.5535, roc_sma=0.1862, rate=2.97
2026-04-07 02:49:01 | DEBUG | stakan_pattern | [LUNA2USDT SHORT] Анализ: spr3_pct=0.5535, roc_sma=0.1862, rate=2.97
