2026-03-22 02:47:12 | INFO | tg_sender | Успешный пуш в Telegram: 🤖 <b>Скринер активен (WSS)</b>
Биржа: Phemex Futures
Символов: 521
Паттерн: Ручеек (depth=8)
2026-03-22 02:48:31 | INFO | tg_sender | Успешный пуш в Telegram: 🤖 <b>Скринер активен (WSS)</b>
Биржа: Phemex Futures
Символов: 521
Паттерн: Ручеек (depth=8)
2026-03-22 02:49:29 | INFO | tg_sender | Успешный пуш в Telegram: 🤖 <b>Скринер активен (WSS)</b>
Биржа: Phemex Futures
Символов: 521
Паттерн: Ручеек (depth=8)
2026-03-22 03:17:18 | INFO | tg_sender | Успешный пуш в Telegram: 🤖 <b>Скринер активен (WSS)</b>
Биржа: Phemex Futures
Символов: 521
Паттерн: Ручеек (depth=8)
2026-03-22 03:17:22 | INFO | tg_sender | Успешный пуш в Telegram: Монета: <b>#NAORISUSDT</b>
Направление: 🔴 SHORT 📉
Цена срабатывания (стакан): 0.06042
Spread (3 уровня): 0.5958%
Множитель (Rate): 11.92x

🔥 <b>Горячие цены:</b>
Phemex: 0.0
Binance: 0.0

2026-03-22 03:17:30 | INFO | tg_sender | Успешный пуш в Telegram: Монета: <b>#SAHARAUSDT</b>
Направление: 🟢 LONG 📈
Цена срабатывания (стакан): 0.02815
Spread (3 уровня): 0.9947%
Множитель (Rate): 23.58x

🔥 <b>Горячие цены:</b>
Phemex: 0.0
Binance: 0.0

2026-03-22 03:20:13 | INFO | tg_sender | Успешный пуш в Telegram: 🤖 <b>Скринер активен (WSS)</b>
Биржа: Phemex Futures
Символов: 521
Паттерн: Ручеек (depth=8)
2026-03-22 03:20:15 | INFO | tg_sender | Успешный пуш в Telegram: Монета: <b>#PIPPINUSDT</b>
Направление: 🔴 SHORT 📉
Цена срабатывания (стакан): 0.0977
Spread (3 уровня): 0.3378%
Множитель (Rate): 20.55x

🔥 <b>Горячие цены:</b>
Phemex: 0.0977
Binance: 0.0974

2026-03-22 03:20:17 | INFO | tg_sender | Успешный пуш в Telegram: Монета: <b>#PHAUSDT</b>
Направление: 🟢 LONG 📈
Цена срабатывания (стакан): 0.03996
Spread (3 уровня): 0.3504%
Множитель (Rate): 14.06x

🔥 <b>Горячие цены:</b>
Phemex: 0.03981
Binance: 0.04008

2026-03-22 03:20:19 | INFO | tg_sender | Успешный пуш в Telegram: Монета: <b>#SAHARAUSDT</b>
Направление: 🟢 LONG 📈
Цена срабатывания (стакан): 0.02804
Spread (3 уровня): 0.428%
Множитель (Rate): 8.62x

🔥 <b>Горячие цены:</b>
Phemex: 0.02793
Binance: 0.02802

2026-03-22 03:20:24 | INFO | tg_sender | Успешный пуш в Telegram: 🤖 <b>Скринер активен (WSS)</b>
Биржа: Phemex Futures
Символов: 521
Паттерн: Ручеек (depth=8)
2026-03-22 03:20:26 | INFO | tg_sender | Успешный пуш в Telegram: Монета: <b>#PIPPINUSDT</b>
Направление: 🔴 SHORT 📉
Цена срабатывания (стакан): 0.0977
Spread (3 уровня): 0.4606%
Множитель (Rate): 27.99x

🔥 <b>Горячие цены:</b>
Phemex: 0.0977
Binance: 0.09726

2026-03-22 03:20:28 | INFO | tg_sender | Успешный пуш в Telegram: Монета: <b>#BATUSDT</b>
Направление: 🟢 LONG 📈
Цена срабатывания (стакан): 0.0939
Spread (3 уровня): 0.639%
Множитель (Rate): 6.05x

🔥 <b>Горячие цены:</b>
Phemex: 0.0936
Binance: 0.0937

2026-03-22 03:20:28 | INFO | tg_sender | Успешный пуш в Telegram: Монета: <b>#BATUSDT</b>
Направление: 🟢 LONG 📈
Цена срабатывания (стакан): 0.0939
Spread (3 уровня): 0.639%
Множитель (Rate): 6.05x

🔥 <b>Горячие цены:</b>
Phemex: 0.0936
Binance: 0.0937

2026-03-22 03:20:37 | INFO | tg_sender | Успешный пуш в Telegram: Монета: <b>#PHAUSDT</b>
Направление: 🟢 LONG 📈
Цена срабатывания (стакан): 0.03998
Spread (3 уровня): 0.3002%
Множитель (Rate): 8.6x

🔥 <b>Горячие цены:</b>
Phemex: 0.03981
Binance: 0.04005

2026-03-22 03:20:37 | INFO | tg_sender | Успешный пуш в Telegram: Монета: <b>#PHAUSDT</b>
Направление: 🟢 LONG 📈
Цена срабатывания (стакан): 0.03998
Spread (3 уровня): 0.3002%
Множитель (Rate): 8.6x

🔥 <b>Горячие цены:</b>
Phemex: 0.03981
Binance: 0.04005

2026-03-22 03:20:46 | INFO | tg_sender | Успешный пуш в Telegram: Монета: <b>#SAHARAUSDT</b>
Направление: 🟢 LONG 📈
Цена срабатывания (стакан): 0.02818
Spread (3 уровня): 0.4968%
Множитель (Rate): 10.06x

🔥 <b>Горячие цены:</b>
Phemex: 0.02804
Binance: 0.0281

2026-03-22 03:20:48 | INFO | tg_sender | Успешный пуш в Telegram: Монета: <b>#MAGMAUSDT</b>
Направление: 🔴 SHORT 📉
Цена срабатывания (стакан): 0.13433
Spread (3 уровня): 0.335%
Множитель (Rate): 37.37x

🔥 <b>Горячие цены:</b>
Phemex: 0.13485
Binance: 0.13407

2026-03-22 03:20:53 | INFO | tg_sender | Успешный пуш в Telegram: Монета: <b>#NAORISUSDT</b>
Направление: 🔴 SHORT 📉
Цена срабатывания (стакан): 0.06006
Spread (3 уровня): 0.333%
Множитель (Rate): 6.23x

🔥 <b>Горячие цены:</b>
Phemex: 0.06013
Binance: 0.06006

2026-03-22 03:20:54 | INFO | tg_sender | Успешный пуш в Telegram: Монета: <b>#DEGOUSDT</b>
Направление: 🟢 LONG 📈
Цена срабатывания (стакан): 0.4019
Spread (3 уровня): 0.6469%
Множитель (Rate): 14.55x

🔥 <b>Горячие цены:</b>
Phemex: 0.4037
Binance: 0.405

2026-03-22 03:22:03 | INFO | tg_sender | Успешный пуш в Telegram: Монета: <b>#NIGHTUSDT</b>
Направление: 🟢 LONG 📈
Цена срабатывания (стакан): 0.04308
Spread (3 уровня): 0.325%
Множитель (Rate): 14.05x

🔥 <b>Горячие цены:</b>
Phemex: 0.04317
Binance: 0.04322

2026-03-22 03:22:03 | INFO | tg_sender | Успешный пуш в Telegram: Монета: <b>#NIGHTUSDT</b>
Направление: 🟢 LONG 📈
Цена срабатывания (стакан): 0.04309
Spread (3 уровня): 0.3017%
Множитель (Rate): 13.05x

🔥 <b>Горячие цены:</b>
Phemex: 0.04317
Binance: 0.04322

2026-03-22 03:24:45 | INFO | tg_sender | Успешный пуш в Telegram: 🤖 <b>Скринер активен (WSS)</b>
Биржа: Phemex Futures
Символов: 521
Паттерн: Ручеек (depth=8)
2026-03-22 03:24:50 | INFO | tg_sender | Успешный пуш в Telegram: Монета: <b>#TAOUSDT</b>
Направление: 🟢 LONG 📈
Цена срабатывания (стакан): 273.7
Spread (3 уровня): 0.3033%
Множитель (Rate): 29.74x

🔥 <b>Горячие цены:</b>
Phemex: 274.2
Binance: 274.48

2026-03-22 03:24:52 | INFO | tg_sender | Успешный пуш в Telegram: Монета: <b>#NAORISUSDT</b>
Направление: 🔴 SHORT 📉
Цена срабатывания (стакан): 0.05934
Spread (3 уровня): 0.4213%
Множитель (Rate): 11.31x

🔥 <b>Горячие цены:</b>
Phemex: 0.05936
Binance: 0.05927

2026-03-22 03:25:07 | INFO | tg_sender | Успешный пуш в Telegram: Монета: <b>#SAHARAUSDT</b>
Направление: 🔴 SHORT 📉
Цена срабатывания (стакан): 0.02839
Spread (3 уровня): 0.3522%
Множитель (Rate): 7.11x

🔥 <b>Горячие цены:</b>
Phemex: 0.02834
Binance: 0.0283

2026-03-22 03:26:19 | INFO | tg_sender | Успешный пуш в Telegram: Монета: <b>#MAGMAUSDT</b>
Направление: 🟢 LONG 📈
Цена срабатывания (стакан): 0.13146
Spread (3 уровня): 0.5857%
Множитель (Rate): 18.45x

🔥 <b>Горячие цены:</b>
Phemex: 0.13164
Binance: 0.13224

2026-03-22 03:26:22 | INFO | tg_sender | Успешный пуш в Telegram: Монета: <b>#PHAUSDT</b>
Направление: 🔴 SHORT 📉
Цена срабатывания (стакан): 0.03993
Spread (3 уровня): 0.3005%
Множитель (Rate): 9.96x

🔥 <b>Горячие цены:</b>
Phemex: 0.03999
Binance: 0.03995

2026-03-22 03:26:46 | INFO | tg_sender | Успешный пуш в Telegram: Монета: <b>#CTKUSDT</b>
Направление: 🔴 SHORT 📉
Цена срабатывания (стакан): 0.1588
Spread (3 уровня): 0.4408%
Множитель (Rate): 6.96x

🔥 <b>Горячие цены:</b>
Phemex: 0.159
Binance: 0.1586

2026-03-22 03:27:53 | INFO | tg_sender | Успешный пуш в Telegram: Монета: <b>#DEGOUSDT</b>
Направление: 🟢 LONG 📈
Цена срабатывания (стакан): 0.4032
Spread (3 уровня): 0.744%
Множитель (Rate): 13.75x

🔥 <b>Горячие цены:</b>
Phemex: 0.4013
Binance: 0.4054

2026-03-22 03:27:58 | INFO | tg_sender | Успешный пуш в Telegram: Монета: <b>#BANKUSDT</b>
Направление: 🟢 LONG 📈
Цена срабатывания (стакан): 0.0404
Spread (3 уровня): 0.396%
Множитель (Rate): 16.07x

🔥 <b>Горячие цены:</b>
Phemex: 0.04043
Binance: 0.04053

2026-03-22 03:41:43 | INFO | tg_sender | Успешный пуш в Telegram: 🤖 <b>Скринер активен (WSS)</b>
Биржа: Phemex Futures
Символов: 521
Паттерн: Ручеек (depth=8)
2026-03-22 03:43:22 | INFO | tg_sender | Успешный пуш в Telegram: 🤖 <b>Скринер активен (WSS)</b>
Биржа: Phemex Futures
Символов: 521
Паттерн: Ручеек (depth=8)
2026-03-22 03:45:26 | INFO | tg_sender | Успешный пуш в Telegram: 🤖 <b>Скринер активен (WSS)</b>
Биржа: Phemex Futures
Символов: 521
Паттерн: Ручеек (depth=8)
2026-03-22 03:46:01 | INFO | tg_sender | Успешный пуш в Telegram: Монета: <b>#NAORISUSDT</b>
Направление: 🟢 LONG 📈
Цена срабатывания (стакан): 0.05855
Spread (3 уровня): 0.6149%
Множитель (Rate): 25.88x

🔥 <b>Горячие цены:</b>
Phemex: 0.05838
Binance: 0.05844

2026-03-22 03:48:15 | INFO | tg_sender | Успешный пуш в Telegram: 🤖 <b>Скринер активен (WSS)</b>
Биржа: Phemex Futures
Символов: 521
Паттерн: Ручеек (depth=8)
2026-03-22 03:48:29 | INFO | tg_sender | Успешный пуш в Telegram: Монета: <b>#NIGHTUSDT</b>
Направление: 🟢 LONG 📈
Цена срабатывания (стакан): 0.04286
Spread (3 уровня): 0.3266%
Множитель (Rate): 11.71x

🔥 <b>Горячие цены:</b>
Phemex: 0.04286
Binance: 0.043

2026-03-22 03:52:29 | INFO | tg_sender | Успешный пуш в Telegram: Монета: <b>#NAORISUSDT</b>
Направление: 🟢 LONG 📈
Цена срабатывания (стакан): 0.05927
Spread (3 уровня): 0.4049%
Множитель (Rate): 9.28x

🔥 <b>Горячие цены:</b>
Phemex: 0.05917
Binance: 0.05925

2026-03-22 03:55:52 | INFO | tg_sender | Успешный пуш в Telegram: 🤖 <b>Скринер активен (WSS)</b>
Биржа: Phemex Futures
Символов: 521
Паттерн: Ручеек (depth=8)
2026-03-22 03:56:18 | INFO | tg_sender | Успешный пуш в Telegram: Монета: <b>#NAORISUSDT</b>
Направление: 🔴 SHORT 📉
Цена срабатывания (стакан): 0.05952
Spread (3 уровня): 0.336%
Множитель (Rate): 9.96x

🔥 <b>Горячие цены:</b>
Phemex: 0.05953
Binance: 0.05934

2026-03-22 03:58:54 | INFO | tg_sender | Успешный пуш в Telegram: Монета: <b>#RIVERUSDT</b>
Направление: 🔴 SHORT 📉
Цена срабатывания (стакан): 24.706
Spread (3 уровня): 0.3643%
Множитель (Rate): 18.68x

🔥 <b>Горячие цены:</b>
Phemex: 24.78
Binance: 24.659

2026-03-22 03:59:22 | INFO | tg_sender | Успешный пуш в Telegram: 🤖 <b>Скринер активен (WSS)</b>
Биржа: Phemex Futures
Символов: 521
Паттерн: Ручеек (depth=8)
2026-03-22 04:01:54 | INFO | tg_sender | Успешный пуш в Telegram: Монета: <b>#NAORISUSDT</b>
Направление: 🔴 SHORT 📉
Цена срабатывания (стакан): 0.05934
Spread (3 уровня): 0.4213%
Множитель (Rate): 20.74x

🔥 <b>Горячие цены:</b>
Phemex: 0.05935
Binance: 0.05923

